{
  "RSpec": {
    "coverage": {

      "/Users/owner/Wyncode/Large_Projects/final_project/propertymanaged/app/models/landlord.rb": [

      "/home/angelica/Desktop/projects/propertymanaged/app/models/tenant.rb": [
        1,

        1,
        1,
        1,
        null,
        1,
        1,
        1,
        1,

        1,
        null,
        null,
        null,
        null,
        null,
        1,
        null
      ],
      "/Users/owner/Wyncode/Large_Projects/final_project/propertymanaged/app/models/property.rb": [
        1,

        null
      ],
      "/home/angelica/Desktop/projects/propertymanaged/app/models/property_tenant.rb": [

        1,
        1,
        1,
        null
      ]
    },
    "timestamp": 1438288697

    "timestamp": 1438288306
  }
}
