{
  "RSpec": {
    "coverage": {
      "/home/angelica/Desktop/projects/propertymanaged/app/controllers/landlords_controller.rb": [
        1,
        1,
        2,
        null,
        null,
        1,
        0,
        null,
        null,
        null,
        null,
        null,
        null,
        null,
        null,
        1,
        1,
        0,
        null,
        null,
        null
      ],
      "/home/angelica/Desktop/projects/propertymanaged/app/controllers/application_controller.rb": [
        1,
        null,
        null,
        1,
        null
      ],
      "/home/angelica/Desktop/projects/propertymanaged/app/models/landlord.rb": [
        1,
        1,
        1,
        null,
        1,
        null
      ]
    },
    "timestamp": 1438291919
  }
}
